2021-07-23 18:46:37.832 StartupInfoLogger.logStarting:55 - Starting TamsApplication on 小马的电脑 with PID 10900 (D:\GiteeProject\ArrangeCourse\tams-server\target\classes started by Jmgytc in D:\GiteeProject\ArrangeCourse)
2021-07-23 18:46:37.837 SpringApplication.logStartupProfileInfo:655 - The following profiles are active: dev
2021-07-23 18:46:39.923 TomcatWebServer.initialize:108 - Tomcat initialized with port(s): 12010 (http)
2021-07-23 18:46:39.930 DirectJDKLog.log:173 - Initializing ProtocolHandler ["http-nio-12010"]
2021-07-23 18:46:39.930 DirectJDKLog.log:173 - Starting service [Tomcat]
2021-07-23 18:46:39.930 DirectJDKLog.log:173 - Starting Servlet engine: [Apache Tomcat/9.0.36]
2021-07-23 18:46:40.003 DirectJDKLog.log:173 - Initializing Spring embedded WebApplicationContext
2021-07-23 18:46:40.003 ServletWebServerApplicationContext.prepareWebApplicationContext:285 - Root WebApplicationContext: initialization completed in 2099 ms
2021-07-23 18:46:40.101 DruidDataSourceAutoConfigure.dataSource:56 - Init DruidDataSource
2021-07-23 18:46:40.359 DruidDataSource.init:983 - {dataSource-1} inited
2021-07-23 18:46:40.362 DruidAbstractDataSource.setFailContinuous:1791 - {dataSource-1} failContinuous is true
2021-07-23 18:46:40.362 DirectJDKLog.log:173 - Stopping service [Tomcat]
2021-07-23 18:46:40.370 ConditionEvaluationReportLoggingListener.logMessage:136 - 

Error starting ApplicationContext. To display the conditions report re-run your application with 'debug' enabled.
2021-07-23 18:47:15.983 StartupInfoLogger.logStarting:55 - Starting TamsApplication on 小马的电脑 with PID 14240 (D:\GiteeProject\ArrangeCourse\tams-server\target\classes started by Jmgytc in D:\GiteeProject\ArrangeCourse)
2021-07-23 18:47:16.018 SpringApplication.logStartupProfileInfo:655 - The following profiles are active: dev
2021-07-23 18:47:17.156 TomcatWebServer.initialize:108 - Tomcat initialized with port(s): 12010 (http)
2021-07-23 18:47:17.161 DirectJDKLog.log:173 - Initializing ProtocolHandler ["http-nio-12010"]
2021-07-23 18:47:17.162 DirectJDKLog.log:173 - Starting service [Tomcat]
2021-07-23 18:47:17.162 DirectJDKLog.log:173 - Starting Servlet engine: [Apache Tomcat/9.0.36]
2021-07-23 18:47:17.221 DirectJDKLog.log:173 - Initializing Spring embedded WebApplicationContext
2021-07-23 18:47:17.222 ServletWebServerApplicationContext.prepareWebApplicationContext:285 - Root WebApplicationContext: initialization completed in 1176 ms
2021-07-23 18:47:17.298 DruidDataSourceAutoConfigure.dataSource:56 - Init DruidDataSource
2021-07-23 18:47:17.484 DruidDataSource.init:983 - {dataSource-1} inited
2021-07-23 18:47:17.487 DirectJDKLog.log:173 - Stopping service [Tomcat]
2021-07-23 18:47:17.487 DruidAbstractDataSource.setFailContinuous:1791 - {dataSource-1} failContinuous is true
2021-07-23 18:47:17.494 ConditionEvaluationReportLoggingListener.logMessage:136 - 

Error starting ApplicationContext. To display the conditions report re-run your application with 'debug' enabled.
2021-07-23 18:48:41.119 StartupInfoLogger.logStarting:55 - Starting TamsApplication on 小马的电脑 with PID 11452 (D:\GiteeProject\ArrangeCourse\tams-server\target\classes started by Jmgytc in D:\GiteeProject\ArrangeCourse)
2021-07-23 18:48:41.121 SpringApplication.logStartupProfileInfo:655 - The following profiles are active: dev
2021-07-23 18:48:41.985 TomcatWebServer.initialize:108 - Tomcat initialized with port(s): 12010 (http)
2021-07-23 18:48:41.990 DirectJDKLog.log:173 - Initializing ProtocolHandler ["http-nio-12010"]
2021-07-23 18:48:41.991 DirectJDKLog.log:173 - Starting service [Tomcat]
2021-07-23 18:48:41.991 DirectJDKLog.log:173 - Starting Servlet engine: [Apache Tomcat/9.0.36]
2021-07-23 18:48:42.042 DirectJDKLog.log:173 - Initializing Spring embedded WebApplicationContext
2021-07-23 18:48:42.042 ServletWebServerApplicationContext.prepareWebApplicationContext:285 - Root WebApplicationContext: initialization completed in 897 ms
2021-07-23 18:48:42.111 DruidDataSourceAutoConfigure.dataSource:56 - Init DruidDataSource
2021-07-23 18:48:42.317 DruidDataSource.init:983 - {dataSource-1} inited
2021-07-23 18:48:43.108 ExecutorConfigurationSupport.initialize:181 - Initializing ExecutorService 'applicationTaskExecutor'
2021-07-23 18:48:43.249 DirectJDKLog.log:173 - Starting ProtocolHandler ["http-nio-12010"]
2021-07-23 18:48:43.262 TomcatWebServer.start:220 - Tomcat started on port(s): 12010 (http) with context path ''
2021-07-23 18:48:43.575 StartupInfoLogger.logStarted:61 - Started TamsApplication in 2.886 seconds (JVM running for 3.343)
2021-07-23 18:48:56.501 StartupInfoLogger.logStarting:55 - Starting TamsApplication on 小马的电脑 with PID 14748 (D:\GiteeProject\ArrangeCourse\tams-server\target\classes started by Jmgytc in D:\GiteeProject\ArrangeCourse)
2021-07-23 18:48:56.503 SpringApplication.logStartupProfileInfo:655 - The following profiles are active: dev
2021-07-23 18:48:57.430 TomcatWebServer.initialize:108 - Tomcat initialized with port(s): 12010 (http)
2021-07-23 18:48:57.436 DirectJDKLog.log:173 - Initializing ProtocolHandler ["http-nio-12010"]
2021-07-23 18:48:57.437 DirectJDKLog.log:173 - Starting service [Tomcat]
2021-07-23 18:48:57.437 DirectJDKLog.log:173 - Starting Servlet engine: [Apache Tomcat/9.0.36]
2021-07-23 18:48:57.495 DirectJDKLog.log:173 - Initializing Spring embedded WebApplicationContext
2021-07-23 18:48:57.495 ServletWebServerApplicationContext.prepareWebApplicationContext:285 - Root WebApplicationContext: initialization completed in 939 ms
2021-07-23 18:48:57.563 DruidDataSourceAutoConfigure.dataSource:56 - Init DruidDataSource
2021-07-23 18:48:57.728 DruidDataSource.init:983 - {dataSource-1} inited
2021-07-23 18:48:58.403 ExecutorConfigurationSupport.initialize:181 - Initializing ExecutorService 'applicationTaskExecutor'
2021-07-23 18:48:58.510 DirectJDKLog.log:173 - Starting ProtocolHandler ["http-nio-12010"]
2021-07-23 18:48:58.522 TomcatWebServer.start:220 - Tomcat started on port(s): 12010 (http) with context path ''
2021-07-23 18:48:58.817 StartupInfoLogger.logStarted:61 - Started TamsApplication in 2.602 seconds (JVM running for 3.043)
2021-07-23 18:49:39.662 DirectJDKLog.log:173 - Initializing Spring DispatcherServlet 'dispatcherServlet'
2021-07-23 18:49:39.663 FrameworkServlet.initServletBean:525 - Initializing Servlet 'dispatcherServlet'
2021-07-23 18:49:39.668 FrameworkServlet.initServletBean:547 - Completed initialization in 5 ms
